app/build/intermediates/manifest_merge_blame_file/debug/manifest-merger-blame-debug-report.txt
1<?xml version="1.0" encoding="utf-8"?>
2<manifest xmlns:android="http://schemas.android.com/apk/res/android"
3    package="com.abbyy.rtr.ui.sample.datacapture"
4    android:versionCode="1"
5    android:versionName="1.0" >
6
7    <uses-sdk
8        android:minSdkVersion="21"
8-->src\main\AndroidManifest.xml
9        android:targetSdkVersion="30" />
9-->src\main\AndroidManifest.xml
10
11    <uses-permission android:name="android.permission.INTERNET" />
11-->src\main\AndroidManifest.xml:5:5-67
11-->src\main\AndroidManifest.xml:5:22-64
12
13    <!-- For camera -->
14    <uses-permission android:name="android.permission.CAMERA" />
14-->[:abbyy-ui-1.0:] AndroidManifest.xml:12:5-65
14-->[:abbyy-ui-1.0:] AndroidManifest.xml:12:22-62
15    <uses-permission android:name="android.permission.FLASHLIGHT" />
15-->[:abbyy-ui-1.0:] AndroidManifest.xml:13:5-69
15-->[:abbyy-ui-1.0:] AndroidManifest.xml:13:22-66
16
17    <uses-feature android:name="android.hardware.camera" />
17-->[:abbyy-ui-1.0:] AndroidManifest.xml:15:5-60
17-->[:abbyy-ui-1.0:] AndroidManifest.xml:15:19-57
18    <uses-feature
18-->[:abbyy-ui-1.0:] AndroidManifest.xml:16:5-18:36
19        android:name="android.hardware.camera.autofocus"
19-->[:abbyy-ui-1.0:] AndroidManifest.xml:17:9-57
20        android:required="false" />
20-->[:abbyy-ui-1.0:] AndroidManifest.xml:18:9-33
21    <uses-feature
21-->[:abbyy-ui-1.0:] AndroidManifest.xml:19:5-21:36
22        android:name="android.hardware.camera.flash"
22-->[:abbyy-ui-1.0:] AndroidManifest.xml:20:9-53
23        android:required="false" /> <!-- Although the *SdkVersion is captured in gradle build files, this is required for non gradle builds -->
23-->[:abbyy-ui-1.0:] AndroidManifest.xml:21:9-33
24    <!-- <uses-sdk android:minSdkVersion="14"/> -->
25    <uses-permission android:name="android.permission.ACCESS_NETWORK_STATE" />
25-->[com.google.firebase:firebase-database:20.0.4] AndroidManifest.xml:25:5-79
25-->[com.google.firebase:firebase-database:20.0.4] AndroidManifest.xml:25:22-76
26
27    <application
27-->src\main\AndroidManifest.xml:7:5-27:19
28        android:name="com.abbyy.rtr.ui.sample.datacapture.App"
28-->src\main\AndroidManifest.xml:8:9-28
29        android:allowBackup="true"
29-->src\main\AndroidManifest.xml:9:9-35
30        android:appComponentFactory="androidx.core.app.CoreComponentFactory"
30-->[androidx.core:core:1.3.2] AndroidManifest.xml:24:18-86
31        android:debuggable="true"
32        android:icon="@mipmap/ic_launcher"
32-->src\main\AndroidManifest.xml:10:9-43
33        android:label="@string/app_name"
33-->src\main\AndroidManifest.xml:11:9-41
34        android:supportsRtl="true"
34-->src\main\AndroidManifest.xml:12:9-35
35        android:testOnly="true"
36        android:theme="@style/AppTheme" >
36-->src\main\AndroidManifest.xml:13:9-40
37        <activity
37-->src\main\AndroidManifest.xml:14:9-16:39
38            android:name="com.abbyy.rtr.ui.sample.datacapture.RegistrationActivity"
38-->src\main\AndroidManifest.xml:15:13-49
39            android:exported="true" />
39-->src\main\AndroidManifest.xml:16:13-36
40        <activity
40-->src\main\AndroidManifest.xml:17:9-19:39
41            android:name="com.abbyy.rtr.ui.sample.datacapture.AppActivity"
41-->src\main\AndroidManifest.xml:18:13-40
42            android:exported="true" />
42-->src\main\AndroidManifest.xml:19:13-36
43        <activity android:name="com.abbyy.rtr.ui.sample.datacapture.LoginActivity" >
43-->src\main\AndroidManifest.xml:20:9-26:20
43-->src\main\AndroidManifest.xml:20:19-48
44            <intent-filter>
44-->src\main\AndroidManifest.xml:21:13-25:29
45                <action android:name="android.intent.action.MAIN" />
45-->src\main\AndroidManifest.xml:22:17-69
45-->src\main\AndroidManifest.xml:22:25-66
46
47                <category android:name="android.intent.category.LAUNCHER" />
47-->src\main\AndroidManifest.xml:24:17-77
47-->src\main\AndroidManifest.xml:24:27-74
48            </intent-filter>
49        </activity>
50        <activity
50-->[com.google.firebase:firebase-auth:19.2.0] AndroidManifest.xml:24:9-31:50
51            android:name="com.google.firebase.auth.internal.FederatedSignInActivity"
51-->[com.google.firebase:firebase-auth:19.2.0] AndroidManifest.xml:25:13-85
52            android:excludeFromRecents="true"
52-->[com.google.firebase:firebase-auth:19.2.0] AndroidManifest.xml:26:13-46
53            android:exported="true"
53-->[com.google.firebase:firebase-auth:19.2.0] AndroidManifest.xml:27:13-36
54            android:launchMode="singleTask"
54-->[com.google.firebase:firebase-auth:19.2.0] AndroidManifest.xml:28:13-44
55            android:permission="com.google.firebase.auth.api.gms.permission.LAUNCH_FEDERATED_SIGN_IN"
55-->[com.google.firebase:firebase-auth:19.2.0] AndroidManifest.xml:29:13-102
56            android:theme="@android:style/Theme.Translucent.NoTitleBar" />
56-->[com.google.firebase:firebase-auth:19.2.0] AndroidManifest.xml:30:13-72
57
58        <service
58-->[com.google.firebase:firebase-auth:19.2.0] AndroidManifest.xml:33:9-39:19
59            android:name="com.google.firebase.components.ComponentDiscoveryService"
59-->[com.google.firebase:firebase-auth:19.2.0] AndroidManifest.xml:34:13-84
60            android:directBootAware="true"
60-->[com.google.firebase:firebase-common:20.1.0] AndroidManifest.xml:35:13-43
61            android:exported="false" >
61-->[com.google.firebase:firebase-auth:19.2.0] AndroidManifest.xml:35:13-37
62            <meta-data
62-->[com.google.firebase:firebase-auth:19.2.0] AndroidManifest.xml:36:13-38:85
63                android:name="com.google.firebase.components:com.google.firebase.auth.FirebaseAuthRegistrar"
63-->[com.google.firebase:firebase-auth:19.2.0] AndroidManifest.xml:37:17-109
64                android:value="com.google.firebase.components.ComponentRegistrar" />
64-->[com.google.firebase:firebase-auth:19.2.0] AndroidManifest.xml:38:17-82
65            <meta-data
65-->[com.google.firebase:firebase-database:20.0.4] AndroidManifest.xml:32:13-34:85
66                android:name="com.google.firebase.components:com.google.firebase.database.DatabaseRegistrar"
66-->[com.google.firebase:firebase-database:20.0.4] AndroidManifest.xml:33:17-109
67                android:value="com.google.firebase.components.ComponentRegistrar" />
67-->[com.google.firebase:firebase-database:20.0.4] AndroidManifest.xml:34:17-82
68        </service>
69
70        <activity
70-->[com.google.android.gms:play-services-base:18.0.1] AndroidManifest.xml:20:9-22:45
71            android:name="com.google.android.gms.common.api.GoogleApiActivity"
71-->[com.google.android.gms:play-services-base:18.0.1] AndroidManifest.xml:20:19-85
72            android:exported="false"
72-->[com.google.android.gms:play-services-base:18.0.1] AndroidManifest.xml:22:19-43
73            android:theme="@android:style/Theme.Translucent.NoTitleBar" />
73-->[com.google.android.gms:play-services-base:18.0.1] AndroidManifest.xml:21:19-78
74
75        <provider
75-->[com.google.firebase:firebase-common:20.1.0] AndroidManifest.xml:26:9-31:39
76            android:name="com.google.firebase.provider.FirebaseInitProvider"
76-->[com.google.firebase:firebase-common:20.1.0] AndroidManifest.xml:27:13-77
77            android:authorities="com.abbyy.rtr.ui.sample.datacapture.firebaseinitprovider"
77-->[com.google.firebase:firebase-common:20.1.0] AndroidManifest.xml:28:13-72
78            android:directBootAware="true"
78-->[com.google.firebase:firebase-common:20.1.0] AndroidManifest.xml:29:13-43
79            android:exported="false"
79-->[com.google.firebase:firebase-common:20.1.0] AndroidManifest.xml:30:13-37
80            android:initOrder="100" />
80-->[com.google.firebase:firebase-common:20.1.0] AndroidManifest.xml:31:13-36
81
82        <meta-data
82-->[com.google.android.gms:play-services-basement:18.0.0] AndroidManifest.xml:21:9-23:69
83            android:name="com.google.android.gms.version"
83-->[com.google.android.gms:play-services-basement:18.0.0] AndroidManifest.xml:22:13-58
84            android:value="@integer/google_play_services_version" />
84-->[com.google.android.gms:play-services-basement:18.0.0] AndroidManifest.xml:23:13-66
85    </application>
86
87</manifest>